cuda:0
FILE EXIST
31.20    108339
31.10     97083
32.10     66129
31.30     54873
31.00     46431
          ...  
51.17      1407
43.00      1407
81.30      1407
63.00      1401
46.30      1345
Name: 0, Length: 452, dtype: int64
31.1    14070
31.3    12663
31.2     7035
47.9     5628
32.1     5628
        ...  
60.7     1407
51.4     1407
64.0     1407
68.0     1401
65.6     1311
Name: 0, Length: 112, dtype: int64
LSTM(
  (lstm1): LSTM(65, 260, num_layers=3)
  (lstm2): LSTM(260, 260, num_layers=3, dropout=0.2, bidirectional=True)
  (lstm3): LSTM(520, 260, num_layers=2, dropout=0.2)
  (linear): Linear(in_features=260, out_features=1, bias=True)
)

Training on GPU
Epoch  0 MSE:  3469.6453167017803
Epoch  0 train_loss:  10846111.260009766
Epoch  20 MSE:  207.19815030528122
Epoch  20 train_loss:  647701.4178543091
Epoch  40 MSE:  106.43465234557559
Epoch  40 train_loss:  332714.7232322693
Epoch  60 MSE:  70.58151862473345
Epoch  60 train_loss:  220637.82722091675
Epoch  80 MSE:  56.78034676669579
Epoch  80 train_loss:  177495.36399269104
Epoch  100 MSE:  46.52610745494059
Epoch  100 train_loss:  145440.6119041443
Epoch  120 MSE:  42.437635945877204
Epoch  120 train_loss:  132660.04996681213
Epoch  140 MSE:  38.593910828661784
Epoch  140 train_loss:  120644.56525039673
Epoch  160 MSE:  34.54798105749959
Epoch  160 train_loss:  107996.98878574371
Epoch  180 MSE:  33.59857314470405
Epoch  180 train_loss:  105029.13965034485
Epoch  200 MSE:  31.364049572557192
Epoch  200 train_loss:  98044.01896381378
Epoch  220 MSE:  30.764253605045116
Epoch  220 train_loss:  96169.05676937103
Epoch  240 MSE:  28.412819570405926
Epoch  240 train_loss:  88818.47397708893
Epoch  260 MSE:  27.79258701149958
Epoch  260 train_loss:  86879.6269979477
Epoch  280 MSE:  26.87557678655867
Epoch  280 train_loss:  84013.05303478241
Epoch  300 MSE:  26.198815242647743
Epoch  300 train_loss:  81897.49644851685
Epoch  320 MSE:  26.5568720017651
Epoch  320 train_loss:  83016.7818775177
Epoch  340 MSE:  25.16803111377162
Epoch  340 train_loss:  78675.26526165009
Epoch  360 MSE:  24.230704050375266
Epoch  360 train_loss:  75745.18086147308
Epoch  380 MSE:  24.122770548629518
Epoch  380 train_loss:  75407.78073501587
Epoch  400 MSE:  24.266813100642754
Epoch  400 train_loss:  75858.05775260925
Epoch  420 MSE:  23.764002088240453
Epoch  420 train_loss:  74286.27052783966
Epoch  440 MSE:  22.960002338436272
Epoch  440 train_loss:  71772.96730995178
Epoch  460 MSE:  22.689696522149532
Epoch  460 train_loss:  70927.99132823944
Epoch  480 MSE:  23.25470095449583
Epoch  480 train_loss:  72694.19518375397
Epoch  500 MSE:  21.699208335241902
Epoch  500 train_loss:  67831.72525596619
Epoch  520 MSE:  20.558343969090046
Epoch  520 train_loss:  64265.38324737549
Epoch  540 MSE:  21.87263561317117
Epoch  540 train_loss:  68373.85892677307
Epoch  560 MSE:  21.21279413366043
Epoch  560 train_loss:  66311.19446182251
Epoch  580 MSE:  21.428579122686113
Epoch  580 train_loss:  66985.73833751678
Epoch  600 MSE:  21.844920588851508
Epoch  600 train_loss:  68287.22176074982
Epoch  620 MSE:  19.951890012810647
Epoch  620 train_loss:  62369.60818004608
Epoch  640 MSE:  20.329727986495005
Epoch  640 train_loss:  63550.729685783386
Epoch  660 MSE:  19.264037406833523
Epoch  660 train_loss:  60219.3809337616
Epoch  680 MSE:  20.288701560507963
Epoch  680 train_loss:  63422.48107814789
Epoch  700 MSE:  20.466225634914746
Epoch  700 train_loss:  63977.4213347435
Epoch  720 MSE:  19.16831468666355
Epoch  720 train_loss:  59920.151710510254
Epoch  740 MSE:  19.88392694013209
Epoch  740 train_loss:  62157.155614852905
Epoch  760 MSE:  19.656738052746462
Epoch  760 train_loss:  61446.96315288544
Epoch  780 MSE:  18.791507924434395
Epoch  780 train_loss:  58742.25377178192
Epoch  800 MSE:  19.565193145456636
Epoch  800 train_loss:  61160.79377269745
Epoch  820 MSE:  18.788706913714368
Epoch  820 train_loss:  58733.49781227112
Epoch  840 MSE:  18.737245361391583
Epoch  840 train_loss:  58572.62899971008
Epoch  860 MSE:  18.17074096957919
Epoch  860 train_loss:  56801.73627090454
Epoch  880 MSE:  18.3466959890462
Epoch  880 train_loss:  57351.77166175842
Epoch  900 MSE:  19.725857408856704
Epoch  900 train_loss:  61663.03026008606
Epoch  920 MSE:  17.83823376165623
Epoch  920 train_loss:  55762.31873893738
Epoch  940 MSE:  17.94414014596628
Epoch  940 train_loss:  56093.38209629059
Epoch  960 MSE:  18.742155968189543
Epoch  960 train_loss:  58587.979556560516
Epoch  980 MSE:  19.225425118600718
Epoch  980 train_loss:  60098.67892074585
